2020-07-16 17:40:10,697 INFO o.s.b.StartupInfoLogger [main] Starting GroupFormationToolApplication on DESKTOP-IHKQMUB with PID 2128 (D:\Project Works\Web\Github\Group formation tool\Git Repo2\group9\build\classes\java\main started by Harsh in D:\Project Works\Web\Github\Group formation tool\Git Repo2\group9)
2020-07-16 17:40:10,720 INFO o.s.b.SpringApplication [main] No active profile set, falling back to default profiles: default
2020-07-16 17:40:12,514 INFO o.s.b.w.e.t.TomcatWebServer [main] Tomcat initialized with port(s): 8080 (http)
2020-07-16 17:40:12,535 INFO o.a.j.l.DirectJDKLog [main] Initializing ProtocolHandler ["http-nio-8080"]
2020-07-16 17:40:12,537 INFO o.a.j.l.DirectJDKLog [main] Starting service [Tomcat]
2020-07-16 17:40:12,538 INFO o.a.j.l.DirectJDKLog [main] Starting Servlet engine: [Apache Tomcat/9.0.34]
2020-07-16 17:40:12,674 INFO o.a.j.l.DirectJDKLog [main] Initializing Spring embedded WebApplicationContext
2020-07-16 17:40:12,674 INFO o.s.b.w.s.c.ServletWebServerApplicationContext [main] Root WebApplicationContext: initialization completed in 1754 ms
2020-07-16 17:40:12,975 INFO o.s.s.w.DefaultSecurityFilterChain [main] Creating filter chain: Ant [pattern='/resources/**'], []
2020-07-16 17:40:13,030 INFO o.s.s.w.DefaultSecurityFilterChain [main] Creating filter chain: any request, [org.springframework.security.web.context.request.async.WebAsyncManagerIntegrationFilter@23e44287, org.springframework.security.web.context.SecurityContextPersistenceFilter@73a00e09, org.springframework.security.web.header.HeaderWriterFilter@2032e725, org.springframework.security.web.csrf.CsrfFilter@58cec85b, org.springframework.security.web.authentication.logout.LogoutFilter@4158debd, org.springframework.security.web.authentication.UsernamePasswordAuthenticationFilter@65bb9029, org.springframework.security.web.savedrequest.RequestCacheAwareFilter@66e889df, org.springframework.security.web.servletapi.SecurityContextHolderAwareRequestFilter@31ddd4a4, org.springframework.security.web.authentication.AnonymousAuthenticationFilter@2b8d084, org.springframework.security.web.session.SessionManagementFilter@383f1975, org.springframework.security.web.access.ExceptionTranslationFilter@3eed0f5, org.springframework.security.web.access.intercept.FilterSecurityInterceptor@87abc48]
2020-07-16 17:40:13,187 INFO o.s.s.c.ExecutorConfigurationSupport [main] Initializing ExecutorService 'applicationTaskExecutor'
2020-07-16 17:40:13,563 INFO o.a.j.l.DirectJDKLog [main] Starting ProtocolHandler ["http-nio-8080"]
2020-07-16 17:40:13,593 INFO o.s.b.w.e.t.TomcatWebServer [main] Tomcat started on port(s): 8080 (http) with context path ''
2020-07-16 17:40:13,597 INFO o.s.b.StartupInfoLogger [main] Started GroupFormationToolApplication in 3.426 seconds (JVM running for 5.932)
2020-07-16 17:40:20,520 INFO o.a.j.l.DirectJDKLog [http-nio-8080-exec-1] Initializing Spring DispatcherServlet 'dispatcherServlet'
2020-07-16 17:40:20,520 INFO o.s.w.s.FrameworkServlet [http-nio-8080-exec-1] Initializing Servlet 'dispatcherServlet'
2020-07-16 17:40:20,525 INFO o.s.w.s.FrameworkServlet [http-nio-8080-exec-1] Completed initialization in 5 ms
2020-07-16 17:40:28,007 INFO C.G.U.UserRepository [http-nio-8080-exec-3] Operation = user exists with bannerIdadmin, Status = success
2020-07-16 17:40:28,182 INFO C.G.U.UserRepository [http-nio-8080-exec-3] Operation = user set with bannerId:admin, Status = success
2020-07-16 17:40:32,130 INFO C.G.U.UserRepository [http-nio-8080-exec-7] Operation = user exists with bannerIdadmin, Status = success
2020-07-16 17:40:32,268 INFO C.G.U.UserRepository [http-nio-8080-exec-7] Operation = user set with bannerId:admin, Status = success
2020-07-16 17:40:55,051 INFO C.G.U.UserRepository [http-nio-8080-exec-1] Operation = user exists with bannerIdADMIN, Status = success
2020-07-16 17:40:55,264 WARN o.s.s.c.b.BCryptPasswordEncoder [http-nio-8080-exec-1] Encoded password does not look like BCrypt
2020-07-16 17:41:59,674 INFO C.G.U.UserRepository [http-nio-8080-exec-6] Operation = user exists with bannerIdB00100100, Status = success
2020-07-16 17:42:00,186 INFO C.G.U.UserRepository [http-nio-8080-exec-8] Operation = user set with bannerId:B00100100, Status = success
2020-07-16 17:42:00,187 INFO C.G.U.UserService [http-nio-8080-exec-8] Operation = SetCurrentUser if not admin, Status = Success 
2020-07-16 17:42:00,335 INFO C.G.U.UserRepository [http-nio-8080-exec-8] Operation = check guest , Status = success
2020-07-16 17:42:01,339 INFO C.G.C.HomeRepository [http-nio-8080-exec-8] Operation = Get courses from banner id B00100100 when not guest function, Status = Success
2020-07-16 17:42:01,340 INFO C.G.C.HomeRepository [http-nio-8080-exec-8] Operation = Get courses from banner id B00100100, Status = Success
2020-07-16 17:42:01,341 INFO C.G.C.HomeService [http-nio-8080-exec-8] Operation = Get courses from banner id B00100100, Status = Success
2020-07-16 17:42:01,615 INFO C.G.U.UserRepository [http-nio-8080-exec-8] Operation = check guest , Status = success
2020-07-16 17:42:01,616 INFO C.G.C.HomeService [http-nio-8080-exec-8] Operation = Check if user B00100100 is a guest, Status = Success
2020-07-16 17:42:02,818 INFO C.G.C.CourseService [http-nio-8080-exec-10] Operation = Instructor and TA user check, Status = true
2020-07-16 17:42:03,105 INFO C.G.A.AnswerSurveyRepository [http-nio-8080-exec-10] Operation = checkSurveyAvailableForUser, Status = Success
2020-07-16 17:42:03,291 INFO C.G.S.SurveyManagerRepository [http-nio-8080-exec-10] Operation = CheckPublish for CourseID:CSC123 and userID:B00100100, Status = Success 
2020-07-16 17:42:04,867 INFO C.G.U.UserRepository [http-nio-8080-exec-2] Operation = user set with bannerId:B00100100, Status = success
2020-07-16 17:42:04,868 INFO C.G.U.UserService [http-nio-8080-exec-2] Operation = SetCurrentUser if not admin, Status = Success 
2020-07-16 17:42:05,005 INFO C.G.U.UserRepository [http-nio-8080-exec-2] Operation = check guest , Status = success
2020-07-16 17:42:05,744 INFO C.G.C.HomeRepository [http-nio-8080-exec-2] Operation = Get courses from banner id B00100100 when not guest function, Status = Success
2020-07-16 17:42:05,745 INFO C.G.C.HomeRepository [http-nio-8080-exec-2] Operation = Get courses from banner id B00100100, Status = Success
2020-07-16 17:42:05,746 INFO C.G.C.HomeService [http-nio-8080-exec-2] Operation = Get courses from banner id B00100100, Status = Success
2020-07-16 17:42:05,882 INFO C.G.U.UserRepository [http-nio-8080-exec-2] Operation = check guest , Status = success
2020-07-16 17:42:05,883 INFO C.G.C.HomeService [http-nio-8080-exec-2] Operation = Check if user B00100100 is a guest, Status = Success
2020-07-16 17:42:07,055 INFO C.G.C.CourseService [http-nio-8080-exec-5] Operation = Instructor and TA user check, Status = true
2020-07-16 17:42:07,220 INFO C.G.A.AnswerSurveyRepository [http-nio-8080-exec-5] Operation = checkSurveyAvailableForUser, Status = Success
2020-07-16 17:42:07,359 INFO C.G.S.SurveyManagerRepository [http-nio-8080-exec-5] Operation = CheckPublish for CourseID:CSC123 and userID:B00100100, Status = Success 
2020-07-16 17:42:09,129 INFO C.G.C.CourseService [http-nio-8080-exec-8] Operation = Instructor and TA user check, Status = true
2020-07-16 17:42:09,290 INFO C.G.A.AnswerSurveyRepository [http-nio-8080-exec-8] Operation = checkSurveyAvailableForUser, Status = Success
2020-07-16 17:42:09,426 INFO C.G.S.SurveyManagerRepository [http-nio-8080-exec-8] Operation = CheckPublish for CourseID:CSC123 and userID:B00100100, Status = Success 
2020-07-16 17:42:11,405 INFO C.G.C.CourseService [http-nio-8080-exec-3] Operation = Instructor and TA user check, Status = true
2020-07-16 17:42:11,642 INFO C.G.A.AnswerSurveyRepository [http-nio-8080-exec-3] Operation = checkSurveyAvailableForUser, Status = Success
2020-07-16 17:42:11,947 INFO C.G.S.SurveyManagerRepository [http-nio-8080-exec-3] Operation = CheckPublish for CourseID:CSC123 and userID:B00100100, Status = Success 
2020-07-16 17:42:16,378 INFO C.G.U.UserRepository [http-nio-8080-exec-4] Operation = user set with bannerId:B00100100, Status = success
2020-07-16 17:42:16,379 INFO C.G.U.UserService [http-nio-8080-exec-4] Operation = SetCurrentUser if not admin, Status = Success 
2020-07-16 17:42:16,664 INFO C.G.U.UserRepository [http-nio-8080-exec-4] Operation = check guest , Status = success
2020-07-16 17:42:18,072 INFO C.G.C.HomeRepository [http-nio-8080-exec-4] Operation = Get courses from banner id B00100100 when not guest function, Status = Success
2020-07-16 17:42:18,073 INFO C.G.C.HomeRepository [http-nio-8080-exec-4] Operation = Get courses from banner id B00100100, Status = Success
2020-07-16 17:42:18,073 INFO C.G.C.HomeService [http-nio-8080-exec-4] Operation = Get courses from banner id B00100100, Status = Success
2020-07-16 17:42:18,218 INFO C.G.U.UserRepository [http-nio-8080-exec-4] Operation = check guest , Status = success
2020-07-16 17:42:18,219 INFO C.G.C.HomeService [http-nio-8080-exec-4] Operation = Check if user B00100100 is a guest, Status = Success
2020-07-16 17:42:19,851 INFO C.G.C.CourseService [http-nio-8080-exec-7] Operation = Instructor and TA user check, Status = true
2020-07-16 17:42:20,078 INFO C.G.A.AnswerSurveyRepository [http-nio-8080-exec-7] Operation = checkSurveyAvailableForUser, Status = Success
2020-07-16 17:42:20,303 INFO C.G.S.SurveyManagerRepository [http-nio-8080-exec-7] Operation = CheckPublish for CourseID:CSC123 and userID:B00100100, Status = Success 
