2020-07-16 20:20:00,787 INFO o.s.t.c.s.AbstractTestContextBootstrapper [main] Neither @ContextConfiguration nor @ContextHierarchy found for test class [CSCI5308.GroupFormationTool.Course.CsvImporterServiceTest], using SpringBootContextLoader
2020-07-16 20:20:00,815 INFO o.s.t.c.s.AbstractContextLoader [main] Could not detect default resource locations for test class [CSCI5308.GroupFormationTool.Course.CsvImporterServiceTest]: no resource found for suffixes {-context.xml, Context.groovy}.
2020-07-16 20:20:00,817 INFO o.s.t.c.s.AnnotationConfigContextLoaderUtils [main] Could not detect default configuration classes for test class [CSCI5308.GroupFormationTool.Course.CsvImporterServiceTest]: CsvImporterServiceTest does not declare any static, non-private, non-final, nested classes annotated with @Configuration.
2020-07-16 20:20:01,029 INFO o.s.b.t.c.SpringBootTestContextBootstrapper [main] Found @SpringBootConfiguration CSCI5308.GroupFormationTool.GroupFormationToolApplication for test class CSCI5308.GroupFormationTool.Course.CsvImporterServiceTest
2020-07-16 20:20:01,163 INFO o.s.t.c.s.AbstractTestContextBootstrapper [main] Loaded default TestExecutionListener class names from location [META-INF/spring.factories]: [org.springframework.security.test.context.support.WithSecurityContextTestExecutionListener, org.springframework.security.test.context.support.ReactorContextTestExecutionListener, org.springframework.boot.test.autoconfigure.restdocs.RestDocsTestExecutionListener, org.springframework.boot.test.autoconfigure.web.client.MockRestServiceServerResetTestExecutionListener, org.springframework.boot.test.autoconfigure.web.servlet.MockMvcPrintOnlyOnFailureTestExecutionListener, org.springframework.boot.test.autoconfigure.web.servlet.WebDriverTestExecutionListener, org.springframework.boot.test.mock.mockito.MockitoTestExecutionListener, org.springframework.boot.test.mock.mockito.ResetMocksTestExecutionListener, org.springframework.test.context.web.ServletTestExecutionListener, org.springframework.test.context.support.DirtiesContextBeforeModesTestExecutionListener, org.springframework.test.context.support.DependencyInjectionTestExecutionListener, org.springframework.test.context.support.DirtiesContextTestExecutionListener, org.springframework.test.context.transaction.TransactionalTestExecutionListener, org.springframework.test.context.jdbc.SqlScriptsTestExecutionListener, org.springframework.test.context.event.EventPublishingTestExecutionListener]
2020-07-16 20:20:01,187 INFO o.s.t.c.s.AbstractTestContextBootstrapper [main] Using TestExecutionListeners: [org.springframework.test.context.web.ServletTestExecutionListener@61fe30, org.springframework.test.context.support.DirtiesContextBeforeModesTestExecutionListener@c9d0d6, org.springframework.boot.test.mock.mockito.MockitoTestExecutionListener@6ccdb29f, org.springframework.boot.test.autoconfigure.SpringBootDependencyInjectionTestExecutionListener@3adcc812, org.springframework.test.context.support.DirtiesContextTestExecutionListener@35432107, org.springframework.security.test.context.support.WithSecurityContextTestExecutionListener@7b420819, org.springframework.test.context.event.EventPublishingTestExecutionListener@7a1a14a4, org.springframework.security.test.context.support.ReactorContextTestExecutionListener@265adfad, org.springframework.boot.test.autoconfigure.restdocs.RestDocsTestExecutionListener@a3d9978, org.springframework.boot.test.autoconfigure.web.client.MockRestServiceServerResetTestExecutionListener@61544ae6, org.springframework.boot.test.autoconfigure.web.servlet.MockMvcPrintOnlyOnFailureTestExecutionListener@4b41dd5c, org.springframework.boot.test.autoconfigure.web.servlet.WebDriverTestExecutionListener@3b96c42e, org.springframework.boot.test.mock.mockito.ResetMocksTestExecutionListener@5d066c7d]
2020-07-16 20:20:01,653 INFO o.s.b.StartupInfoLogger [main] Starting CsvImporterServiceTest on DESKTOP-IHKQMUB with PID 17436 (started by Harsh in D:\Project Works\Web\Github\Group formation tool\Git Repo2\group9)
2020-07-16 20:20:01,671 INFO o.s.b.SpringApplication [main] No active profile set, falling back to default profiles: default
2020-07-16 20:20:04,036 INFO o.s.s.w.DefaultSecurityFilterChain [main] Creating filter chain: Ant [pattern='/resources/**'], []
2020-07-16 20:20:04,233 INFO o.s.s.w.DefaultSecurityFilterChain [main] Creating filter chain: any request, [org.springframework.security.web.context.request.async.WebAsyncManagerIntegrationFilter@62d73ead, org.springframework.security.web.context.SecurityContextPersistenceFilter@6642dc5a, org.springframework.security.web.header.HeaderWriterFilter@1ff55ff, org.springframework.security.web.csrf.CsrfFilter@4726927c, org.springframework.security.web.authentication.logout.LogoutFilter@4d0753c9, org.springframework.security.web.authentication.UsernamePasswordAuthenticationFilter@2459319c, org.springframework.security.web.savedrequest.RequestCacheAwareFilter@148c7c4b, org.springframework.security.web.servletapi.SecurityContextHolderAwareRequestFilter@6aba5d30, org.springframework.security.web.authentication.AnonymousAuthenticationFilter@1e141e42, org.springframework.security.web.session.SessionManagementFilter@5496c165, org.springframework.security.web.access.ExceptionTranslationFilter@6240651f, org.springframework.security.web.access.intercept.FilterSecurityInterceptor@e4b6f47]
2020-07-16 20:20:04,818 INFO o.s.s.c.ExecutorConfigurationSupport [main] Initializing ExecutorService 'applicationTaskExecutor'
2020-07-16 20:20:05,558 INFO o.s.b.StartupInfoLogger [main] Started CsvImporterServiceTest in 4.318 seconds (JVM running for 7.995)
2020-07-16 20:20:06,005 INFO C.G.U.UserService [main] Operation = Set USer, Status = Success 
2020-07-16 20:20:06,105 INFO C.G.U.UserService [main] Operation = Set USer, Status = Success 
2020-07-16 20:20:06,201 INFO C.G.U.UserService [main] Operation = Set USer, Status = Success 
2020-07-16 20:20:06,330 INFO C.G.U.UserService [main] Operation = Set USer, Status = Success 
2020-07-16 20:20:06,429 INFO C.G.U.UserService [main] Operation = Set USer, Status = Success 
2020-07-16 20:20:06,526 INFO C.G.U.UserService [main] Operation = Set USer, Status = Success 
2020-07-16 20:20:06,626 INFO C.G.U.UserService [main] Operation = Set USer, Status = Success 
2020-07-16 20:20:06,724 INFO C.G.U.UserService [main] Operation = Set USer, Status = Success 
2020-07-16 20:20:06,821 INFO C.G.U.UserService [main] Operation = Set USer, Status = Success 
2020-07-16 20:20:06,931 INFO C.G.U.UserService [main] Operation = Set USer, Status = Success 
2020-07-16 20:20:07,030 INFO C.G.U.UserService [main] Operation = Set USer, Status = Success 
2020-07-16 20:20:07,128 INFO C.G.U.UserService [main] Operation = Set USer, Status = Success 
2020-07-16 20:20:07,228 INFO C.G.U.UserService [main] Operation = Set USer, Status = Success 
2020-07-16 20:20:07,326 INFO C.G.U.UserService [main] Operation = Set USer, Status = Success 
2020-07-16 20:20:07,423 INFO C.G.U.UserService [main] Operation = Set USer, Status = Success 
2020-07-16 20:20:07,555 INFO C.G.U.UserService [main] Operation = Set USer, Status = Success 
2020-07-16 20:20:07,652 INFO C.G.U.UserService [main] Operation = Set USer, Status = Success 
2020-07-16 20:20:07,749 INFO C.G.U.UserService [main] Operation = Set USer, Status = Success 
2020-07-16 20:20:07,848 INFO C.G.U.UserService [main] Operation = Set USer, Status = Success 
2020-07-16 20:20:07,952 INFO C.G.U.UserService [main] Operation = Set USer, Status = Success 
2020-07-16 20:20:08,053 INFO C.G.U.UserService [main] Operation = Set USer, Status = Success 
2020-07-16 20:20:08,162 INFO C.G.U.UserService [main] Operation = Set USer, Status = Success 
2020-07-16 20:20:08,259 INFO C.G.U.UserService [main] Operation = Set USer, Status = Success 
2020-07-16 20:20:08,357 INFO C.G.U.UserService [main] Operation = Set USer, Status = Success 
2020-07-16 20:20:08,373 INFO o.s.s.c.ExecutorConfigurationSupport [SpringContextShutdownHook] Shutting down ExecutorService 'applicationTaskExecutor'
